<?xml version="1.0" encoding="UTF-8"?>
<!-- Generated by org.testng.reporters.JUnitXMLReporter -->
<testsuite ignored="0" hostname="Magnus-Laptop" failures="0" tests="3" name="Default test" time="6.07" errors="0" timestamp="2023-10-12T16:38:53 IST">
  <testcase classname="com.qa.saucedemo.tests.ConfirmationTest" name="loginTest" time="0.394"/>
  <testcase classname="com.qa.saucedemo.tests.ConfirmationTest" name="verifyItemTotalTest" time="1.195"/>
  <testcase classname="com.qa.saucedemo.tests.ConfirmationTest" name="verifyOrderConfirmation" time="0.026"/>
</testsuite> <!-- Default test -->
