<?xml version="1.0" encoding="UTF-8"?>
<!-- Generated by org.testng.reporters.JUnitXMLReporter -->
<testsuite ignored="0" hostname="DESKTOP-NCNPT55" failures="0" tests="3" name="Test" time="9.042" errors="0" timestamp="2024-04-07T16:45:52 IST">
  <testcase classname="com.qa.saucedemo.tests.ConfirmationTest" name="loginTest" time="0.687"/>
  <testcase classname="com.qa.saucedemo.tests.ConfirmationTest" name="verifyItemTotalTest" time="2.413"/>
  <testcase classname="com.qa.saucedemo.tests.ConfirmationTest" name="verifyOrderConfirmation" time="0.049"/>
</testsuite> <!-- Test -->
