<?xml version="1.0" encoding="UTF-8"?>
<!-- Generated by org.testng.reporters.JUnitXMLReporter -->
<testsuite ignored="0" hostname="DESKTOP-NCNPT55" failures="1" tests="4" name="Test2" time="6.628" errors="0" timestamp="2024-04-07T13:20:30 IST">
  <testcase classname="com.qa.saucedemo.tests.ConfirmationTest" name="loginTest" time="1.625"/>
  <testcase classname="com.qa.saucedemo.tests.ConfirmationTest" name="verifyItemTotalTest" time="3.431"/>
  <testcase classname="com.qa.saucedemo.tests.ConfirmationTest" name="verifyItemTotalTest" time="1.034">
    <failure type="java.lang.NullPointerException" message="Cannot invoke &amp;quot;String.trim()&amp;quot; because &amp;quot;in&amp;quot; is null">
      <![CDATA[java.lang.NullPointerException: Cannot invoke "String.trim()" because "in" is null
at java.base/jdk.internal.math.FloatingDecimal.readJavaFormatString(FloatingDecimal.java:1838)
at java.base/jdk.internal.math.FloatingDecimal.parseDouble(FloatingDecimal.java:110)
at java.base/java.lang.Double.parseDouble(Double.java:651)
at com.qa.saucedemo.tests.ConfirmationTest.verifyItemTotalTest(CheckPageTest.java:28)
at java.base/java.util.ArrayList.forEach(ArrayList.java:1511)
... Removed 27 stack frames]]>
    </failure>
  </testcase> <!-- verifyItemTotalTest -->
  <testcase classname="com.qa.saucedemo.tests.ConfirmationTest" name="verifyOrderConfirmation" time="1.048"/>
</testsuite> <!-- Test2 -->
